[Architectury Transformer DEBUG] 
[Architectury Transformer DEBUG] ============================
[Architectury Transformer DEBUG] Transforming from E:\Minecraft文件夹\开发\ARCH模组开发\RuOK-main\common\build\devlibs\RuOK-1.5.5-dev.jar to E:\Minecraft文件夹\开发\ARCH模组开发\RuOK-main\common\build\libs\RuOK-1.5.5-transformProductionForge.jar
[Architectury Transformer DEBUG] ============================
[Architectury Transformer DEBUG] 
[Architectury Transformer DEBUG] Transforming 7 transformer(s) from E:\Minecraft文件夹\开发\ARCH模组开发\RuOK-main\common\build\devlibs\RuOK-1.5.5-dev.jar to E:\Minecraft文件夹\开发\ARCH模组开发\RuOK-main\common\build\libs\RuOK-1.5.5-transformProductionForge.jar: 
[Architectury Transformer DEBUG]  - dev.architectury.transformer.transformers.TransformExpectPlatform@b672909
[Architectury Transformer DEBUG]  - dev.architectury.transformer.transformers.RemapInjectables@53959064
[Architectury Transformer DEBUG]  - dev.architectury.plugin.transformers.AddRefmapName@6ec9c21c
[Architectury Transformer DEBUG]  - dev.architectury.transformer.transformers.TransformPlatformOnly@5e80f222
[Architectury Transformer DEBUG]  - dev.architectury.transformer.transformers.TransformForgeAnnotations@6c9da79a
[Architectury Transformer DEBUG]  - dev.architectury.transformer.transformers.TransformForgeEnvironment@13f41cdd
[Architectury Transformer DEBUG]  - dev.architectury.transformer.transformers.FixForgeMixin@330df59d
[Architectury Transformer DEBUG] Transforming from E:\Minecraft文件夹\开发\ARCH模组开发\RuOK-main\common\build\devlibs\RuOK-1.5.5-dev.jar to E:\Minecraft文件夹\开发\ARCH模组开发\RuOK-main\common\build\libs\RuOK-1.5.5-transformProductionForge.jar with 7 transformer(s) on dev.architectury.transformer.handler.SimpleTransformerHandler
[Architectury Transformer DEBUG] Reading mixin mappings file: E:\Minecraft文件夹\开发\ARCH模组开发\RuOK-main\common\build\loom-cache\mixin-map-net.fabricmc.yarn.1_19_2.1.19.2+build.28-v2.main.tiny
[Architectury Transformer DEBUG] Remapping with 2 mapping provider(s):
[Architectury Transformer DEBUG]  - dev.architectury.transformer.transformers.TransformForgeEnvironment$$Lambda$2090/0x000001c034ae3540@60676743
[Architectury Transformer DEBUG]  - dev.architectury.transformer.transformers.TransformForgeEnvironment$$Lambda$2089/0x000001c034ae3320@20b6fcea
[Architectury Transformer DEBUG] Provided 61 classpath jar(s):
[Architectury Transformer DEBUG]  - E:\Minecraft文件夹\开发\ARCH开发\Gradle\caches\modules-2\files-2.1\dev.architectury\architectury-injectables\1.0.10\62db2a366d662606d1b23ad02ccc3212ed37ec3\architectury-injectables-1.0.10.jar
[Architectury Transformer DEBUG]  - E:\Minecraft文件夹\开发\ARCH开发\Gradle\caches\modules-2\files-2.1\net.fabricmc\fabric-loader\0.15.11\9c2be53d84ec5c4fb58bb5b8d9c8a629047c9ee9\fabric-loader-0.15.11.jar
[Architectury Transformer DEBUG]  - E:\Minecraft文件夹\开发\ARCH开发\Gradle\caches\modules-2\files-2.1\org.jetbrains\annotations\24.1.0\7af6a669488450c4a07c2c3254e2151df42d7d04\annotations-24.1.0.jar
[Architectury Transformer DEBUG]  - E:\Minecraft文件夹\开发\ARCH开发\Gradle\caches\modules-2\files-2.1\net.fabricmc\tiny-mappings-parser\0.3.0+build.17\2f10540a290e382a7cd35c16ec3900046a4e252\tiny-mappings-parser-0.3.0+build.17.jar
[Architectury Transformer DEBUG]  - E:\Minecraft文件夹\开发\ARCH开发\Gradle\caches\modules-2\files-2.1\net.fabricmc\sponge-mixin\0.12.4+mixin.0.8.5\e13b4069fe3555969811d4474f78576c707bbe1c\sponge-mixin-0.12.4+mixin.0.8.5.jar
[Architectury Transformer DEBUG]  - E:\Minecraft文件夹\开发\ARCH开发\Gradle\caches\modules-2\files-2.1\net.fabricmc\tiny-remapper\0.8.2\2cc6565989469ec38893bfb7802b31c0d0d11ea0\tiny-remapper-0.8.2.jar
[Architectury Transformer DEBUG]  - E:\Minecraft文件夹\开发\ARCH开发\Gradle\caches\modules-2\files-2.1\net.fabricmc\access-widener\2.1.0\f62a27adbfd8ab4d4fa5681793039f2c0b177155\access-widener-2.1.0.jar
[Architectury Transformer DEBUG]  - E:\Minecraft文件夹\开发\ARCH开发\Gradle\caches\modules-2\files-2.1\org.ow2.asm\asm\9.4\b4e0e2d2e023aa317b7cfcfc916377ea348e07d1\asm-9.4.jar
[Architectury Transformer DEBUG]  - E:\Minecraft文件夹\开发\ARCH开发\Gradle\caches\modules-2\files-2.1\org.ow2.asm\asm-analysis\9.4\a5fec9dfc039448d4fd098fbaffcaf55373b223\asm-analysis-9.4.jar
[Architectury Transformer DEBUG]  - E:\Minecraft文件夹\开发\ARCH开发\Gradle\caches\modules-2\files-2.1\org.ow2.asm\asm-commons\9.4\8fc2810ddbcbbec0a8bbccb3f8eda58321839912\asm-commons-9.4.jar
[Architectury Transformer DEBUG]  - E:\Minecraft文件夹\开发\ARCH开发\Gradle\caches\modules-2\files-2.1\org.ow2.asm\asm-tree\9.4\a99175a17d7fdc18cbcbd0e8ea6a5d276844190a\asm-tree-9.4.jar
[Architectury Transformer DEBUG]  - E:\Minecraft文件夹\开发\ARCH开发\Gradle\caches\modules-2\files-2.1\org.ow2.asm\asm-util\9.4\ab1e0a84b72561dbaf1ee260321e72148ebf4b19\asm-util-9.4.jar
[Architectury Transformer DEBUG]  - E:\Minecraft文件夹\开发\ARCH开发\Gradle\caches\modules-2\files-2.1\net.fabricmc\yarn\1.19.2+build.28\f0ee7aaa9c34cbc7919333a5a6923df7a38323d\yarn-1.19.2+build.28-constants.jar
[Architectury Transformer DEBUG]  - E:\Minecraft文件夹\开发\ARCH开发\Gradle\caches\modules-2\files-2.1\com.mojang\logging\1.0.0\f6ca3b2eee0b80b384e8ed93d368faecb82dfb9b\logging-1.0.0.jar
[Architectury Transformer DEBUG]  - E:\Minecraft文件夹\开发\ARCH开发\Gradle\caches\modules-2\files-2.1\com.mojang\blocklist\1.0.10\5c685c5ffa94c4cd39496c7184c1d122e515ecef\blocklist-1.0.10.jar
[Architectury Transformer DEBUG]  - E:\Minecraft文件夹\开发\ARCH开发\Gradle\caches\modules-2\files-2.1\com.mojang\patchy\2.2.10\da05971b07cbb379d002cf7eaec6a2048211fefc\patchy-2.2.10.jar
[Architectury Transformer DEBUG]  - E:\Minecraft文件夹\开发\ARCH开发\Gradle\caches\modules-2\files-2.1\com.github.oshi\oshi-core\5.8.5\1d0ec654d820741327f5a9229d513732a4b7ce50\oshi-core-5.8.5.jar
[Architectury Transformer DEBUG]  - E:\Minecraft文件夹\开发\ARCH开发\Gradle\caches\modules-2\files-2.1\net.java.dev.jna\jna\5.10.0\7cf4c87dd802db50721db66947aa237d7ad09418\jna-5.10.0.jar
[Architectury Transformer DEBUG]  - E:\Minecraft文件夹\开发\ARCH开发\Gradle\caches\modules-2\files-2.1\net.java.dev.jna\jna-platform\5.10.0\fbed7d9669dba47714ad0d4f4454290a997aee69\jna-platform-5.10.0.jar
[Architectury Transformer DEBUG]  - E:\Minecraft文件夹\开发\ARCH开发\Gradle\caches\modules-2\files-2.1\org.slf4j\slf4j-api\1.8.0-beta4\83b0359d847ee053d745be7ec0d8e9e8a44304b4\slf4j-api-1.8.0-beta4.jar
[Architectury Transformer DEBUG]  - E:\Minecraft文件夹\开发\ARCH开发\Gradle\caches\modules-2\files-2.1\org.apache.logging.log4j\log4j-slf4j18-impl\2.17.0\bd7f6c0b9224dd214afb4e684957e2349b529a8d\log4j-slf4j18-impl-2.17.0.jar
[Architectury Transformer DEBUG]  - E:\Minecraft文件夹\开发\ARCH开发\Gradle\caches\modules-2\files-2.1\com.ibm.icu\icu4j\70.1\dfa3a1fbc55bf5db8c6e79fc0935ac7ab1202950\icu4j-70.1.jar
[Architectury Transformer DEBUG]  - E:\Minecraft文件夹\开发\ARCH开发\Gradle\caches\modules-2\files-2.1\com.mojang\javabridge\1.2.24\c876796229b2ef5120f186eab5acc870699d3b9\javabridge-1.2.24.jar
[Architectury Transformer DEBUG]  - E:\Minecraft文件夹\开发\ARCH开发\Gradle\caches\modules-2\files-2.1\net.sf.jopt-simple\jopt-simple\5.0.4\4fdac2fbe92dfad86aa6e9301736f6b4342a3f5c\jopt-simple-5.0.4.jar
[Architectury Transformer DEBUG]  - E:\Minecraft文件夹\开发\ARCH开发\Gradle\caches\modules-2\files-2.1\io.netty\netty-common\4.1.77.Final\ea0fc20f4e6178966b9d62017b7fcb83dfe0e713\netty-common-4.1.77.Final.jar
[Architectury Transformer DEBUG]  - E:\Minecraft文件夹\开发\ARCH开发\Gradle\caches\modules-2\files-2.1\io.netty\netty-buffer\4.1.77.Final\d97571f99e5e739d86824d0df99f35d295276b5f\netty-buffer-4.1.77.Final.jar
[Architectury Transformer DEBUG]  - E:\Minecraft文件夹\开发\ARCH开发\Gradle\caches\modules-2\files-2.1\io.netty\netty-codec\4.1.77.Final\4efc5f59335301d6ba0d7cd31dd10651119b03c8\netty-codec-4.1.77.Final.jar
[Architectury Transformer DEBUG]  - E:\Minecraft文件夹\开发\ARCH开发\Gradle\caches\modules-2\files-2.1\io.netty\netty-handler\4.1.77.Final\47a81089de03635a27f509f3e4e13386ae1db275\netty-handler-4.1.77.Final.jar
[Architectury Transformer DEBUG]  - E:\Minecraft文件夹\开发\ARCH开发\Gradle\caches\modules-2\files-2.1\io.netty\netty-resolver\4.1.77.Final\4a239dbf8d8bb5f98aa51462c35011c0516395fd\netty-resolver-4.1.77.Final.jar
[Architectury Transformer DEBUG]  - E:\Minecraft文件夹\开发\ARCH开发\Gradle\caches\modules-2\files-2.1\io.netty\netty-transport\4.1.77.Final\2a3373bbd20d520c821f210bd5ee886788512043\netty-transport-4.1.77.Final.jar
[Architectury Transformer DEBUG]  - E:\Minecraft文件夹\开发\ARCH开发\Gradle\caches\modules-2\files-2.1\io.netty\netty-transport-native-unix-common\4.1.77.Final\c95d53486414b3270d08057957c5da8e0c37e4eb\netty-transport-native-unix-common-4.1.77.Final.jar
[Architectury Transformer DEBUG]  - E:\Minecraft文件夹\开发\ARCH开发\Gradle\caches\modules-2\files-2.1\io.netty\netty-transport-classes-epoll\4.1.77.Final\dd70dbccbcf98382223a59044f3c08d8e9920cad\netty-transport-classes-epoll-4.1.77.Final.jar
[Architectury Transformer DEBUG]  - E:\Minecraft文件夹\开发\ARCH开发\Gradle\caches\modules-2\files-2.1\com.google.guava\failureaccess\1.0.1\1dcf1de382a0bf95a3d8b0849546c88bac1292c9\failureaccess-1.0.1.jar
[Architectury Transformer DEBUG]  - E:\Minecraft文件夹\开发\ARCH开发\Gradle\caches\modules-2\files-2.1\com.google.guava\guava\31.0.1-jre\119ea2b2bc205b138974d351777b20f02b92704b\guava-31.0.1-jre.jar
[Architectury Transformer DEBUG]  - E:\Minecraft文件夹\开发\ARCH开发\Gradle\caches\modules-2\files-2.1\org.apache.commons\commons-lang3\3.12.0\c6842c86792ff03b9f1d1fe2aab8dc23aa6c6f0e\commons-lang3-3.12.0.jar
[Architectury Transformer DEBUG]  - E:\Minecraft文件夹\开发\ARCH开发\Gradle\caches\modules-2\files-2.1\commons-io\commons-io\2.11.0\a2503f302b11ebde7ebc3df41daebe0e4eea3689\commons-io-2.11.0.jar
[Architectury Transformer DEBUG]  - E:\Minecraft文件夹\开发\ARCH开发\Gradle\caches\modules-2\files-2.1\commons-codec\commons-codec\1.15\49d94806b6e3dc933dacbd8acb0fdbab8ebd1e5d\commons-codec-1.15.jar
[Architectury Transformer DEBUG]  - E:\Minecraft文件夹\开发\ARCH开发\Gradle\caches\modules-2\files-2.1\com.mojang\brigadier\1.0.18\c1ef1234282716483c92183f49bef47b1a89bfa9\brigadier-1.0.18.jar
[Architectury Transformer DEBUG]  - E:\Minecraft文件夹\开发\ARCH开发\Gradle\caches\modules-2\files-2.1\com.mojang\datafixerupper\5.0.28\e2157e236e529aff80a5fc3ccb506e56d46b130b\datafixerupper-5.0.28.jar
[Architectury Transformer DEBUG]  - E:\Minecraft文件夹\开发\ARCH开发\Gradle\caches\modules-2\files-2.1\com.google.code.gson\gson\2.8.9\8a432c1d6825781e21a02db2e2c33c5fde2833b9\gson-2.8.9.jar
[Architectury Transformer DEBUG]  - E:\Minecraft文件夹\开发\ARCH开发\Gradle\caches\modules-2\files-2.1\com.mojang\authlib\3.11.49\2e3055ec2a017c7f94b79744b4a68b65695a118c\authlib-3.11.49.jar
[Architectury Transformer DEBUG]  - E:\Minecraft文件夹\开发\ARCH开发\Gradle\caches\modules-2\files-2.1\org.apache.commons\commons-compress\1.21\4ec95b60d4e86b5c95a0e919cb172a0af98011ef\commons-compress-1.21.jar
[Architectury Transformer DEBUG]  - E:\Minecraft文件夹\开发\ARCH开发\Gradle\caches\modules-2\files-2.1\org.apache.httpcomponents\httpclient\4.5.13\e5f6cae5ca7ecaac1ec2827a9e2d65ae2869cada\httpclient-4.5.13.jar
[Architectury Transformer DEBUG]  - E:\Minecraft文件夹\开发\ARCH开发\Gradle\caches\modules-2\files-2.1\commons-logging\commons-logging\1.2\4bfc12adfe4842bf07b657f0369c4cb522955686\commons-logging-1.2.jar
[Architectury Transformer DEBUG]  - E:\Minecraft文件夹\开发\ARCH开发\Gradle\caches\modules-2\files-2.1\org.apache.httpcomponents\httpcore\4.4.14\9dd1a631c082d92ecd4bd8fd4cf55026c720a8c1\httpcore-4.4.14.jar
[Architectury Transformer DEBUG]  - E:\Minecraft文件夹\开发\ARCH开发\Gradle\caches\modules-2\files-2.1\it.unimi.dsi\fastutil\8.5.6\76f95700418a68fbc4ac050525261f05dc681ca1\fastutil-8.5.6.jar
[Architectury Transformer DEBUG]  - E:\Minecraft文件夹\开发\ARCH开发\Gradle\caches\modules-2\files-2.1\org.apache.logging.log4j\log4j-api\2.17.0\bbd791e9c8c9421e45337c4fe0a10851c086e36c\log4j-api-2.17.0.jar
[Architectury Transformer DEBUG]  - E:\Minecraft文件夹\开发\ARCH开发\Gradle\caches\modules-2\files-2.1\org.apache.logging.log4j\log4j-core\2.17.0\fe6e7a32c1228884b9691a744f953a55d0dd8ead\log4j-core-2.17.0.jar
[Architectury Transformer DEBUG]  - E:\Minecraft文件夹\开发\ARCH开发\Gradle\caches\modules-2\files-2.1\org.lwjgl\lwjgl\3.3.1\ae58664f88e18a9bb2c77b063833ca7aaec484cb\lwjgl-3.3.1.jar
[Architectury Transformer DEBUG]  - E:\Minecraft文件夹\开发\ARCH开发\Gradle\caches\modules-2\files-2.1\org.lwjgl\lwjgl-jemalloc\3.3.1\a817bcf213db49f710603677457567c37d53e103\lwjgl-jemalloc-3.3.1.jar
[Architectury Transformer DEBUG]  - E:\Minecraft文件夹\开发\ARCH开发\Gradle\caches\modules-2\files-2.1\org.lwjgl\lwjgl-openal\3.3.1\2623a6b8ae1dfcd880738656a9f0243d2e6840bd\lwjgl-openal-3.3.1.jar
[Architectury Transformer DEBUG]  - E:\Minecraft文件夹\开发\ARCH开发\Gradle\caches\modules-2\files-2.1\org.lwjgl\lwjgl-opengl\3.3.1\831a5533a21a5f4f81bbc51bb13e9899319b5411\lwjgl-opengl-3.3.1.jar
[Architectury Transformer DEBUG]  - E:\Minecraft文件夹\开发\ARCH开发\Gradle\caches\modules-2\files-2.1\org.lwjgl\lwjgl-glfw\3.3.1\cbac1b8d30cb4795149c1ef540f912671a8616d0\lwjgl-glfw-3.3.1.jar
[Architectury Transformer DEBUG]  - E:\Minecraft文件夹\开发\ARCH开发\Gradle\caches\modules-2\files-2.1\org.lwjgl\lwjgl-stb\3.3.1\b119297cf8ed01f247abe8685857f8e7fcf5980f\lwjgl-stb-3.3.1.jar
[Architectury Transformer DEBUG]  - E:\Minecraft文件夹\开发\ARCH开发\Gradle\caches\modules-2\files-2.1\org.lwjgl\lwjgl-tinyfd\3.3.1\ff1914111ef2e3e0110ef2dabc8d8cdaad82347\lwjgl-tinyfd-3.3.1.jar
[Architectury Transformer DEBUG]  - E:\Minecraft文件夹\开发\ARCH开发\Gradle\caches\modules-2\files-2.1\com.mojang\text2speech\1.16.7\ee4095669061d1fe4bce5fea23d69d1520bc2d58\text2speech-1.16.7.jar
[Architectury Transformer DEBUG]  - E:\Minecraft文件夹\开发\ARCH模组开发\RuOK-main\.gradle\loom-cache\minecraftMaven\net\minecraft\minecraft-merged-90303a7792\1.19.2-net.fabricmc.yarn.1_19_2.1.19.2+build.28-v2\minecraft-merged-90303a7792-1.19.2-net.fabricmc.yarn.1_19_2.1.19.2+build.28-v2.jar
[Architectury Transformer DEBUG]  - E:\Minecraft文件夹\开发\ARCH开发\Gradle\caches\modules-2\files-2.1\io.netty\netty-transport-native-epoll\4.1.77.Final\8d10e9e138dac52172dd83229bdc89197100c723\netty-transport-native-epoll-4.1.77.Final-linux-x86_64.jar
[Architectury Transformer DEBUG]  - E:\Minecraft文件夹\开发\ARCH开发\Gradle\caches\modules-2\files-2.1\io.netty\netty-transport-native-epoll\4.1.77.Final\5f051599ced83e119ddeda891f471c0613721e5c\netty-transport-native-epoll-4.1.77.Final-linux-aarch_64.jar
[Architectury Transformer DEBUG]  - E:\Minecraft文件夹\开发\ARCH开发\Gradle\caches\modules-2\files-2.1\maven.modrinth\cloth-config\8.3.115+forge\39dfb4f1b8c7d012cd85b36a6369de2dc01ba9f8\cloth-config-8.3.115+forge.jar
[Architectury Transformer DEBUG]  - E:\Minecraft文件夹\开发\ARCH模组开发\RuOK-main\.gradle\loom-cache\remapped_mods\net_fabricmc_yarn_1_19_2_1_19_2_build_28_v2\maven\modrinth\sodium\mc1.19.2-0.4.4\sodium-mc1.19.2-0.4.4.jar
[Architectury Transformer] Read classpath in 3.408 s
[Architectury Transformer DEBUG] Remapping Classes:
[Architectury Transformer DEBUG] net/fabricmc/api/EnvType -> net/minecraftforge/api/distmarker/Dist
[Architectury Transformer DEBUG] net/fabricmc/api/Environment -> net/minecraftforge/api/distmarker/OnlyIn
[Architectury Transformer DEBUG] Found class transformer
[Architectury Transformer DEBUG] Writing team/teampotato/ruok/RuOKMod with maxs=true frames=true
[Architectury Transformer DEBUG] Writing team/teampotato/ruok/util/QualityUtil$QualitySettings with maxs=true frames=true
[Architectury Transformer DEBUG] Writing team/teampotato/ruok/util/Options with maxs=true frames=true
[Architectury Transformer DEBUG] Writing team/teampotato/ruok/util/Weather with maxs=true frames=true
[Architectury Transformer DEBUG] Writing team/teampotato/ruok/util/QualityUtil with maxs=true frames=true
[Architectury Transformer DEBUG] Writing team/teampotato/ruok/util/Color with maxs=true frames=true
[Architectury Transformer DEBUG] Writing team/teampotato/ruok/util/Render with maxs=true frames=true
[Architectury Transformer DEBUG] Writing team/teampotato/ruok/util/QualityUtil$QualityMode with maxs=true frames=true
[Architectury Transformer DEBUG] Writing team/teampotato/ruok/page/SodiumOptions with maxs=true frames=true
[Architectury Transformer DEBUG] Writing team/teampotato/ruok/mixin/ClientWorldMixin with maxs=true frames=true
[Architectury Transformer DEBUG] Writing team/teampotato/ruok/mixin/ExplosionEmitterParticleFactoryMixin with maxs=true frames=true
[Architectury Transformer DEBUG] Writing team/teampotato/ruok/mixin/ClientPlayNetworkHandlerMixin with maxs=true frames=true
[Architectury Transformer DEBUG] Writing team/teampotato/ruok/mixin/ItemEntityRendererMixin with maxs=true frames=true
[Architectury Transformer DEBUG] Writing team/teampotato/ruok/mixin/ExplosionS2CPacketMixin with maxs=true frames=true
[Architectury Transformer DEBUG] Writing team/teampotato/ruok/mixin/WorldRendererMixin with maxs=true frames=true
[Architectury Transformer DEBUG] Writing team/teampotato/ruok/mixin/TntMinecartEntityRendererMixin with maxs=true frames=true
[Architectury Transformer DEBUG] Writing team/teampotato/ruok/mixin/ClientWorldMixin$1 with maxs=true frames=true
[Architectury Transformer DEBUG] Writing team/teampotato/ruok/mixin/sodium/SodiumGUIMixin with maxs=true frames=true
[Architectury Transformer DEBUG] Writing team/teampotato/ruok/key/KeyInput with maxs=true frames=true
[Architectury Transformer DEBUG] Writing team/teampotato/ruok/config/RuOK with maxs=true frames=true
[Architectury Transformer DEBUG] Writing team/teampotato/ruok/config/RuOKConfig with maxs=true frames=true
[Architectury Transformer DEBUG] Writing team/teampotato/ruok/assessment/Assessment with maxs=true frames=true
[Architectury Transformer DEBUG] Checking whether /RuOK.common.mixins.json is a mixin config.
[Architectury Transformer DEBUG] Checking whether /architectury.common.json is a mixin config.
[Architectury Transformer DEBUG] Checking whether /RuOK-common-refmap.json is a mixin config.
[Architectury Transformer DEBUG] Found mixin config(s): /RuOK.common.mixins.json
[Architectury Transformer DEBUG] Injecting RuOK-common-refmap.json to /RuOK.common.mixins.json
[Architectury Transformer DEBUG] Checking whether /RuOK.common.mixins.json is a mixin config.
[Architectury Transformer DEBUG] Checking whether /architectury.common.json is a mixin config.
[Architectury Transformer DEBUG] Checking whether /RuOK-common-refmap.json is a mixin config.
[Architectury Transformer DEBUG] Found mixin config(s): RuOK.common.mixins.json
[Architectury Transformer DEBUG] Injecting MixinConfigs into /META-INF/MANIFEST.MF
[Architectury Transformer DEBUG] Remapping refmap from intermediary to srg: RuOK-common-refmap.json
[Architectury Transformer DEBUG] Remapped refmap value Lnet/minecraft/class_634;method_11112(Lnet/minecraft/class_2604;)V -> Lnet/minecraft/client/multiplayer/ClientPacketListener;m_6771_(Lnet/minecraft/network/protocol/game/ClientboundAddEntityPacket;)V
[Architectury Transformer DEBUG] Remapped refmap value Lnet/minecraft/class_689$class_690;method_3037(Lnet/minecraft/class_2400;Lnet/minecraft/class_638;DDDDDD)Lnet/minecraft/class_703; -> Lnet/minecraft/client/particle/HugeExplosionSeedParticle$Provider;m_6966_(Lnet/minecraft/core/particles/SimpleParticleType;Lnet/minecraft/client/multiplayer/ClientLevel;DDDDDD)Lnet/minecraft/client/particle/Particle;
[Architectury Transformer DEBUG] Remapped refmap value Lnet/minecraft/class_2664;method_11480(Lnet/minecraft/class_2602;)V -> Lnet/minecraft/network/protocol/game/ClientboundExplodePacket;m_5797_(Lnet/minecraft/network/protocol/game/ClientGamePacketListener;)V
[Architectury Transformer DEBUG] Remapped refmap value Lnet/minecraft/class_4587;method_22907(Lnet/minecraft/class_1158;)V -> Lcom/mojang/blaze3d/vertex/PoseStack;m_85845_(Lcom/mojang/math/Quaternion;)V
[Architectury Transformer DEBUG] Remapped refmap value Lnet/minecraft/class_4587;method_22904(DDD)V -> Lcom/mojang/blaze3d/vertex/PoseStack;m_85837_(DDD)V
[Architectury Transformer DEBUG] Remapped refmap value Lnet/minecraft/class_916;method_3998(Lnet/minecraft/class_1799;)I -> Lnet/minecraft/client/renderer/entity/ItemEntityRenderer;m_115042_(Lnet/minecraft/world/item/ItemStack;)I
[Architectury Transformer DEBUG] Remapped refmap value Lnet/minecraft/class_916;method_3996(Lnet/minecraft/class_1542;FFLnet/minecraft/class_4587;Lnet/minecraft/class_4597;I)V -> Lnet/minecraft/client/renderer/entity/ItemEntityRenderer;m_7392_(Lnet/minecraft/world/entity/item/ItemEntity;FFLcom/mojang/blaze3d/vertex/PoseStack;Lnet/minecraft/client/renderer/MultiBufferSource;I)V
[Architectury Transformer DEBUG] Remapped refmap value Lnet/minecraft/class_916;method_3996(Lnet/minecraft/class_1542;FFLnet/minecraft/class_4587;Lnet/minecraft/class_4597;I)V -> Lnet/minecraft/client/renderer/entity/ItemEntityRenderer;m_7392_(Lnet/minecraft/world/entity/item/ItemEntity;FFLcom/mojang/blaze3d/vertex/PoseStack;Lnet/minecraft/client/renderer/MultiBufferSource;I)V
[Architectury Transformer DEBUG] Remapped refmap value Lnet/minecraft/class_957;method_4137(Lnet/minecraft/class_1701;FLnet/minecraft/class_2680;Lnet/minecraft/class_4587;Lnet/minecraft/class_4597;I)V -> Lnet/minecraft/client/renderer/entity/TntMinecartRenderer;m_7002_(Lnet/minecraft/world/entity/vehicle/MinecartTNT;FLnet/minecraft/world/level/block/state/BlockState;Lcom/mojang/blaze3d/vertex/PoseStack;Lnet/minecraft/client/renderer/MultiBufferSource;I)V
[Architectury Transformer DEBUG] Remapped refmap value Lnet/minecraft/class_957;method_23190(Lnet/minecraft/class_776;Lnet/minecraft/class_2680;Lnet/minecraft/class_4587;Lnet/minecraft/class_4597;IZ)V -> Lnet/minecraft/client/renderer/entity/TntMinecartRenderer;m_234661_(Lnet/minecraft/client/renderer/block/BlockRenderDispatcher;Lnet/minecraft/world/level/block/state/BlockState;Lcom/mojang/blaze3d/vertex/PoseStack;Lnet/minecraft/client/renderer/MultiBufferSource;IZ)V
[Architectury Transformer DEBUG] Remapped refmap value Lnet/minecraft/class_761;method_22977(Lnet/minecraft/class_1297;DDDFLnet/minecraft/class_4587;Lnet/minecraft/class_4597;)V -> Lnet/minecraft/client/renderer/LevelRenderer;m_109517_(Lnet/minecraft/world/entity/Entity;DDDFLcom/mojang/blaze3d/vertex/PoseStack;Lnet/minecraft/client/renderer/MultiBufferSource;)V
[Architectury Transformer DEBUG] Remapped refmap value Lme/jellysquid/mods/sodium/client/gui/SodiumOptionsGUI;<init>(Lnet/minecraft/class_437;)V -> Lme/jellysquid/mods/sodium/client/gui/SodiumOptionsGUI;<init>(Lnet/minecraft/client/gui/screens/Screen;)V
[Architectury Transformer DEBUG] Remapped refmap value Lnet/minecraft/class_634;method_11112(Lnet/minecraft/class_2604;)V -> Lnet/minecraft/client/multiplayer/ClientPacketListener;m_6771_(Lnet/minecraft/network/protocol/game/ClientboundAddEntityPacket;)V
[Architectury Transformer DEBUG] Remapped refmap value Lnet/minecraft/class_689$class_690;method_3037(Lnet/minecraft/class_2400;Lnet/minecraft/class_638;DDDDDD)Lnet/minecraft/class_703; -> Lnet/minecraft/client/particle/HugeExplosionSeedParticle$Provider;m_6966_(Lnet/minecraft/core/particles/SimpleParticleType;Lnet/minecraft/client/multiplayer/ClientLevel;DDDDDD)Lnet/minecraft/client/particle/Particle;
[Architectury Transformer DEBUG] Remapped refmap value Lnet/minecraft/class_2664;method_11480(Lnet/minecraft/class_2602;)V -> Lnet/minecraft/network/protocol/game/ClientboundExplodePacket;m_5797_(Lnet/minecraft/network/protocol/game/ClientGamePacketListener;)V
[Architectury Transformer DEBUG] Remapped refmap value Lnet/minecraft/class_4587;method_22907(Lnet/minecraft/class_1158;)V -> Lcom/mojang/blaze3d/vertex/PoseStack;m_85845_(Lcom/mojang/math/Quaternion;)V
[Architectury Transformer DEBUG] Remapped refmap value Lnet/minecraft/class_4587;method_22904(DDD)V -> Lcom/mojang/blaze3d/vertex/PoseStack;m_85837_(DDD)V
[Architectury Transformer DEBUG] Remapped refmap value Lnet/minecraft/class_916;method_3998(Lnet/minecraft/class_1799;)I -> Lnet/minecraft/client/renderer/entity/ItemEntityRenderer;m_115042_(Lnet/minecraft/world/item/ItemStack;)I
[Architectury Transformer DEBUG] Remapped refmap value Lnet/minecraft/class_916;method_3996(Lnet/minecraft/class_1542;FFLnet/minecraft/class_4587;Lnet/minecraft/class_4597;I)V -> Lnet/minecraft/client/renderer/entity/ItemEntityRenderer;m_7392_(Lnet/minecraft/world/entity/item/ItemEntity;FFLcom/mojang/blaze3d/vertex/PoseStack;Lnet/minecraft/client/renderer/MultiBufferSource;I)V
[Architectury Transformer DEBUG] Remapped refmap value Lnet/minecraft/class_916;method_3996(Lnet/minecraft/class_1542;FFLnet/minecraft/class_4587;Lnet/minecraft/class_4597;I)V -> Lnet/minecraft/client/renderer/entity/ItemEntityRenderer;m_7392_(Lnet/minecraft/world/entity/item/ItemEntity;FFLcom/mojang/blaze3d/vertex/PoseStack;Lnet/minecraft/client/renderer/MultiBufferSource;I)V
[Architectury Transformer DEBUG] Remapped refmap value Lnet/minecraft/class_957;method_4137(Lnet/minecraft/class_1701;FLnet/minecraft/class_2680;Lnet/minecraft/class_4587;Lnet/minecraft/class_4597;I)V -> Lnet/minecraft/client/renderer/entity/TntMinecartRenderer;m_7002_(Lnet/minecraft/world/entity/vehicle/MinecartTNT;FLnet/minecraft/world/level/block/state/BlockState;Lcom/mojang/blaze3d/vertex/PoseStack;Lnet/minecraft/client/renderer/MultiBufferSource;I)V
[Architectury Transformer DEBUG] Remapped refmap value Lnet/minecraft/class_957;method_23190(Lnet/minecraft/class_776;Lnet/minecraft/class_2680;Lnet/minecraft/class_4587;Lnet/minecraft/class_4597;IZ)V -> Lnet/minecraft/client/renderer/entity/TntMinecartRenderer;m_234661_(Lnet/minecraft/client/renderer/block/BlockRenderDispatcher;Lnet/minecraft/world/level/block/state/BlockState;Lcom/mojang/blaze3d/vertex/PoseStack;Lnet/minecraft/client/renderer/MultiBufferSource;IZ)V
[Architectury Transformer DEBUG] Remapped refmap value Lnet/minecraft/class_761;method_22977(Lnet/minecraft/class_1297;DDDFLnet/minecraft/class_4587;Lnet/minecraft/class_4597;)V -> Lnet/minecraft/client/renderer/LevelRenderer;m_109517_(Lnet/minecraft/world/entity/Entity;DDDFLcom/mojang/blaze3d/vertex/PoseStack;Lnet/minecraft/client/renderer/MultiBufferSource;)V
[Architectury Transformer DEBUG] Remapped refmap value Lme/jellysquid/mods/sodium/client/gui/SodiumOptionsGUI;<init>(Lnet/minecraft/class_437;)V -> Lme/jellysquid/mods/sodium/client/gui/SodiumOptionsGUI;<init>(Lnet/minecraft/client/gui/screens/Screen;)V
[Architectury Transformer DEBUG] Closed File Systems for E:\Minecraft文件夹\开发\ARCH模组开发\RuOK-main\common\build\libs\RuOK-1.5.5-transformProductionForge.jar
[Architectury Transformer] Transformed jar with 7 transformer(s) in 7.490 s
[Architectury Transformer DEBUG] 
[Architectury Transformer DEBUG] ============================
[Architectury Transformer DEBUG] Transforming from E:\Minecraft文件夹\开发\ARCH模组开发\RuOK-main\common\build\devlibs\RuOK-1.5.5-dev.jar to E:\Minecraft文件夹\开发\ARCH模组开发\RuOK-main\common\build\libs\RuOK-1.5.5-transformProductionFabric.jar
[Architectury Transformer DEBUG] ============================
[Architectury Transformer DEBUG] 
[Architectury Transformer DEBUG] Transforming 5 transformer(s) from E:\Minecraft文件夹\开发\ARCH模组开发\RuOK-main\common\build\devlibs\RuOK-1.5.5-dev.jar to E:\Minecraft文件夹\开发\ARCH模组开发\RuOK-main\common\build\libs\RuOK-1.5.5-transformProductionFabric.jar: 
[Architectury Transformer DEBUG]  - dev.architectury.transformer.transformers.RemapMixinVariables@36671c3e
[Architectury Transformer DEBUG]  - dev.architectury.transformer.transformers.TransformExpectPlatform@e289f86
[Architectury Transformer DEBUG]  - dev.architectury.transformer.transformers.RemapInjectables@4db4e488
[Architectury Transformer DEBUG]  - dev.architectury.plugin.transformers.AddRefmapName@5829cd42
[Architectury Transformer DEBUG]  - dev.architectury.transformer.transformers.TransformPlatformOnly@56a1bc95
[Architectury Transformer DEBUG] Transforming from E:\Minecraft文件夹\开发\ARCH模组开发\RuOK-main\common\build\devlibs\RuOK-1.5.5-dev.jar to E:\Minecraft文件夹\开发\ARCH模组开发\RuOK-main\common\build\libs\RuOK-1.5.5-transformProductionFabric.jar with 5 transformer(s) on dev.architectury.transformer.handler.SimpleTransformerHandler
[Architectury Transformer DEBUG] Reading mixin mappings file: E:\Minecraft文件夹\开发\ARCH模组开发\RuOK-main\common\build\loom-cache\mixin-map-net.fabricmc.yarn.1_19_2.1.19.2+build.28-v2.main.tiny
[Architectury Transformer DEBUG] Remapping with 1 mapping provider(s):
[Architectury Transformer DEBUG]  - dev.architectury.transformer.shadowed.impl.dev.architectury.tinyremapper.TinyUtils$$Lambda$2119/0x000001c034aed408@76c5ead3
[Architectury Transformer DEBUG] Provided 61 classpath jar(s):
[Architectury Transformer DEBUG]  - E:\Minecraft文件夹\开发\ARCH开发\Gradle\caches\modules-2\files-2.1\dev.architectury\architectury-injectables\1.0.10\62db2a366d662606d1b23ad02ccc3212ed37ec3\architectury-injectables-1.0.10.jar
[Architectury Transformer DEBUG]  - E:\Minecraft文件夹\开发\ARCH开发\Gradle\caches\modules-2\files-2.1\net.fabricmc\fabric-loader\0.15.11\9c2be53d84ec5c4fb58bb5b8d9c8a629047c9ee9\fabric-loader-0.15.11.jar
[Architectury Transformer DEBUG]  - E:\Minecraft文件夹\开发\ARCH开发\Gradle\caches\modules-2\files-2.1\org.jetbrains\annotations\24.1.0\7af6a669488450c4a07c2c3254e2151df42d7d04\annotations-24.1.0.jar
[Architectury Transformer DEBUG]  - E:\Minecraft文件夹\开发\ARCH开发\Gradle\caches\modules-2\files-2.1\net.fabricmc\tiny-mappings-parser\0.3.0+build.17\2f10540a290e382a7cd35c16ec3900046a4e252\tiny-mappings-parser-0.3.0+build.17.jar
[Architectury Transformer DEBUG]  - E:\Minecraft文件夹\开发\ARCH开发\Gradle\caches\modules-2\files-2.1\net.fabricmc\sponge-mixin\0.12.4+mixin.0.8.5\e13b4069fe3555969811d4474f78576c707bbe1c\sponge-mixin-0.12.4+mixin.0.8.5.jar
[Architectury Transformer DEBUG]  - E:\Minecraft文件夹\开发\ARCH开发\Gradle\caches\modules-2\files-2.1\net.fabricmc\tiny-remapper\0.8.2\2cc6565989469ec38893bfb7802b31c0d0d11ea0\tiny-remapper-0.8.2.jar
[Architectury Transformer DEBUG]  - E:\Minecraft文件夹\开发\ARCH开发\Gradle\caches\modules-2\files-2.1\net.fabricmc\access-widener\2.1.0\f62a27adbfd8ab4d4fa5681793039f2c0b177155\access-widener-2.1.0.jar
[Architectury Transformer DEBUG]  - E:\Minecraft文件夹\开发\ARCH开发\Gradle\caches\modules-2\files-2.1\org.ow2.asm\asm\9.4\b4e0e2d2e023aa317b7cfcfc916377ea348e07d1\asm-9.4.jar
[Architectury Transformer DEBUG]  - E:\Minecraft文件夹\开发\ARCH开发\Gradle\caches\modules-2\files-2.1\org.ow2.asm\asm-analysis\9.4\a5fec9dfc039448d4fd098fbaffcaf55373b223\asm-analysis-9.4.jar
[Architectury Transformer DEBUG]  - E:\Minecraft文件夹\开发\ARCH开发\Gradle\caches\modules-2\files-2.1\org.ow2.asm\asm-commons\9.4\8fc2810ddbcbbec0a8bbccb3f8eda58321839912\asm-commons-9.4.jar
[Architectury Transformer DEBUG]  - E:\Minecraft文件夹\开发\ARCH开发\Gradle\caches\modules-2\files-2.1\org.ow2.asm\asm-tree\9.4\a99175a17d7fdc18cbcbd0e8ea6a5d276844190a\asm-tree-9.4.jar
[Architectury Transformer DEBUG]  - E:\Minecraft文件夹\开发\ARCH开发\Gradle\caches\modules-2\files-2.1\org.ow2.asm\asm-util\9.4\ab1e0a84b72561dbaf1ee260321e72148ebf4b19\asm-util-9.4.jar
[Architectury Transformer DEBUG]  - E:\Minecraft文件夹\开发\ARCH开发\Gradle\caches\modules-2\files-2.1\net.fabricmc\yarn\1.19.2+build.28\f0ee7aaa9c34cbc7919333a5a6923df7a38323d\yarn-1.19.2+build.28-constants.jar
[Architectury Transformer DEBUG]  - E:\Minecraft文件夹\开发\ARCH开发\Gradle\caches\modules-2\files-2.1\com.mojang\logging\1.0.0\f6ca3b2eee0b80b384e8ed93d368faecb82dfb9b\logging-1.0.0.jar
[Architectury Transformer DEBUG]  - E:\Minecraft文件夹\开发\ARCH开发\Gradle\caches\modules-2\files-2.1\com.mojang\blocklist\1.0.10\5c685c5ffa94c4cd39496c7184c1d122e515ecef\blocklist-1.0.10.jar
[Architectury Transformer DEBUG]  - E:\Minecraft文件夹\开发\ARCH开发\Gradle\caches\modules-2\files-2.1\com.mojang\patchy\2.2.10\da05971b07cbb379d002cf7eaec6a2048211fefc\patchy-2.2.10.jar
[Architectury Transformer DEBUG]  - E:\Minecraft文件夹\开发\ARCH开发\Gradle\caches\modules-2\files-2.1\com.github.oshi\oshi-core\5.8.5\1d0ec654d820741327f5a9229d513732a4b7ce50\oshi-core-5.8.5.jar
[Architectury Transformer DEBUG]  - E:\Minecraft文件夹\开发\ARCH开发\Gradle\caches\modules-2\files-2.1\net.java.dev.jna\jna\5.10.0\7cf4c87dd802db50721db66947aa237d7ad09418\jna-5.10.0.jar
[Architectury Transformer DEBUG]  - E:\Minecraft文件夹\开发\ARCH开发\Gradle\caches\modules-2\files-2.1\net.java.dev.jna\jna-platform\5.10.0\fbed7d9669dba47714ad0d4f4454290a997aee69\jna-platform-5.10.0.jar
[Architectury Transformer DEBUG]  - E:\Minecraft文件夹\开发\ARCH开发\Gradle\caches\modules-2\files-2.1\org.slf4j\slf4j-api\1.8.0-beta4\83b0359d847ee053d745be7ec0d8e9e8a44304b4\slf4j-api-1.8.0-beta4.jar
[Architectury Transformer DEBUG]  - E:\Minecraft文件夹\开发\ARCH开发\Gradle\caches\modules-2\files-2.1\org.apache.logging.log4j\log4j-slf4j18-impl\2.17.0\bd7f6c0b9224dd214afb4e684957e2349b529a8d\log4j-slf4j18-impl-2.17.0.jar
[Architectury Transformer DEBUG]  - E:\Minecraft文件夹\开发\ARCH开发\Gradle\caches\modules-2\files-2.1\com.ibm.icu\icu4j\70.1\dfa3a1fbc55bf5db8c6e79fc0935ac7ab1202950\icu4j-70.1.jar
[Architectury Transformer DEBUG]  - E:\Minecraft文件夹\开发\ARCH开发\Gradle\caches\modules-2\files-2.1\com.mojang\javabridge\1.2.24\c876796229b2ef5120f186eab5acc870699d3b9\javabridge-1.2.24.jar
[Architectury Transformer DEBUG]  - E:\Minecraft文件夹\开发\ARCH开发\Gradle\caches\modules-2\files-2.1\net.sf.jopt-simple\jopt-simple\5.0.4\4fdac2fbe92dfad86aa6e9301736f6b4342a3f5c\jopt-simple-5.0.4.jar
[Architectury Transformer DEBUG]  - E:\Minecraft文件夹\开发\ARCH开发\Gradle\caches\modules-2\files-2.1\io.netty\netty-common\4.1.77.Final\ea0fc20f4e6178966b9d62017b7fcb83dfe0e713\netty-common-4.1.77.Final.jar
[Architectury Transformer DEBUG]  - E:\Minecraft文件夹\开发\ARCH开发\Gradle\caches\modules-2\files-2.1\io.netty\netty-buffer\4.1.77.Final\d97571f99e5e739d86824d0df99f35d295276b5f\netty-buffer-4.1.77.Final.jar
[Architectury Transformer DEBUG]  - E:\Minecraft文件夹\开发\ARCH开发\Gradle\caches\modules-2\files-2.1\io.netty\netty-codec\4.1.77.Final\4efc5f59335301d6ba0d7cd31dd10651119b03c8\netty-codec-4.1.77.Final.jar
[Architectury Transformer DEBUG]  - E:\Minecraft文件夹\开发\ARCH开发\Gradle\caches\modules-2\files-2.1\io.netty\netty-handler\4.1.77.Final\47a81089de03635a27f509f3e4e13386ae1db275\netty-handler-4.1.77.Final.jar
[Architectury Transformer DEBUG]  - E:\Minecraft文件夹\开发\ARCH开发\Gradle\caches\modules-2\files-2.1\io.netty\netty-resolver\4.1.77.Final\4a239dbf8d8bb5f98aa51462c35011c0516395fd\netty-resolver-4.1.77.Final.jar
[Architectury Transformer DEBUG]  - E:\Minecraft文件夹\开发\ARCH开发\Gradle\caches\modules-2\files-2.1\io.netty\netty-transport\4.1.77.Final\2a3373bbd20d520c821f210bd5ee886788512043\netty-transport-4.1.77.Final.jar
[Architectury Transformer DEBUG]  - E:\Minecraft文件夹\开发\ARCH开发\Gradle\caches\modules-2\files-2.1\io.netty\netty-transport-native-unix-common\4.1.77.Final\c95d53486414b3270d08057957c5da8e0c37e4eb\netty-transport-native-unix-common-4.1.77.Final.jar
[Architectury Transformer DEBUG]  - E:\Minecraft文件夹\开发\ARCH开发\Gradle\caches\modules-2\files-2.1\io.netty\netty-transport-classes-epoll\4.1.77.Final\dd70dbccbcf98382223a59044f3c08d8e9920cad\netty-transport-classes-epoll-4.1.77.Final.jar
[Architectury Transformer DEBUG]  - E:\Minecraft文件夹\开发\ARCH开发\Gradle\caches\modules-2\files-2.1\com.google.guava\failureaccess\1.0.1\1dcf1de382a0bf95a3d8b0849546c88bac1292c9\failureaccess-1.0.1.jar
[Architectury Transformer DEBUG]  - E:\Minecraft文件夹\开发\ARCH开发\Gradle\caches\modules-2\files-2.1\com.google.guava\guava\31.0.1-jre\119ea2b2bc205b138974d351777b20f02b92704b\guava-31.0.1-jre.jar
[Architectury Transformer DEBUG]  - E:\Minecraft文件夹\开发\ARCH开发\Gradle\caches\modules-2\files-2.1\org.apache.commons\commons-lang3\3.12.0\c6842c86792ff03b9f1d1fe2aab8dc23aa6c6f0e\commons-lang3-3.12.0.jar
[Architectury Transformer DEBUG]  - E:\Minecraft文件夹\开发\ARCH开发\Gradle\caches\modules-2\files-2.1\commons-io\commons-io\2.11.0\a2503f302b11ebde7ebc3df41daebe0e4eea3689\commons-io-2.11.0.jar
[Architectury Transformer DEBUG]  - E:\Minecraft文件夹\开发\ARCH开发\Gradle\caches\modules-2\files-2.1\commons-codec\commons-codec\1.15\49d94806b6e3dc933dacbd8acb0fdbab8ebd1e5d\commons-codec-1.15.jar
[Architectury Transformer DEBUG]  - E:\Minecraft文件夹\开发\ARCH开发\Gradle\caches\modules-2\files-2.1\com.mojang\brigadier\1.0.18\c1ef1234282716483c92183f49bef47b1a89bfa9\brigadier-1.0.18.jar
[Architectury Transformer DEBUG]  - E:\Minecraft文件夹\开发\ARCH开发\Gradle\caches\modules-2\files-2.1\com.mojang\datafixerupper\5.0.28\e2157e236e529aff80a5fc3ccb506e56d46b130b\datafixerupper-5.0.28.jar
[Architectury Transformer DEBUG]  - E:\Minecraft文件夹\开发\ARCH开发\Gradle\caches\modules-2\files-2.1\com.google.code.gson\gson\2.8.9\8a432c1d6825781e21a02db2e2c33c5fde2833b9\gson-2.8.9.jar
[Architectury Transformer DEBUG]  - E:\Minecraft文件夹\开发\ARCH开发\Gradle\caches\modules-2\files-2.1\com.mojang\authlib\3.11.49\2e3055ec2a017c7f94b79744b4a68b65695a118c\authlib-3.11.49.jar
[Architectury Transformer DEBUG]  - E:\Minecraft文件夹\开发\ARCH开发\Gradle\caches\modules-2\files-2.1\org.apache.commons\commons-compress\1.21\4ec95b60d4e86b5c95a0e919cb172a0af98011ef\commons-compress-1.21.jar
[Architectury Transformer DEBUG]  - E:\Minecraft文件夹\开发\ARCH开发\Gradle\caches\modules-2\files-2.1\org.apache.httpcomponents\httpclient\4.5.13\e5f6cae5ca7ecaac1ec2827a9e2d65ae2869cada\httpclient-4.5.13.jar
[Architectury Transformer DEBUG]  - E:\Minecraft文件夹\开发\ARCH开发\Gradle\caches\modules-2\files-2.1\commons-logging\commons-logging\1.2\4bfc12adfe4842bf07b657f0369c4cb522955686\commons-logging-1.2.jar
[Architectury Transformer DEBUG]  - E:\Minecraft文件夹\开发\ARCH开发\Gradle\caches\modules-2\files-2.1\org.apache.httpcomponents\httpcore\4.4.14\9dd1a631c082d92ecd4bd8fd4cf55026c720a8c1\httpcore-4.4.14.jar
[Architectury Transformer DEBUG]  - E:\Minecraft文件夹\开发\ARCH开发\Gradle\caches\modules-2\files-2.1\it.unimi.dsi\fastutil\8.5.6\76f95700418a68fbc4ac050525261f05dc681ca1\fastutil-8.5.6.jar
[Architectury Transformer DEBUG]  - E:\Minecraft文件夹\开发\ARCH开发\Gradle\caches\modules-2\files-2.1\org.apache.logging.log4j\log4j-api\2.17.0\bbd791e9c8c9421e45337c4fe0a10851c086e36c\log4j-api-2.17.0.jar
[Architectury Transformer DEBUG]  - E:\Minecraft文件夹\开发\ARCH开发\Gradle\caches\modules-2\files-2.1\org.apache.logging.log4j\log4j-core\2.17.0\fe6e7a32c1228884b9691a744f953a55d0dd8ead\log4j-core-2.17.0.jar
[Architectury Transformer DEBUG]  - E:\Minecraft文件夹\开发\ARCH开发\Gradle\caches\modules-2\files-2.1\org.lwjgl\lwjgl\3.3.1\ae58664f88e18a9bb2c77b063833ca7aaec484cb\lwjgl-3.3.1.jar
[Architectury Transformer DEBUG]  - E:\Minecraft文件夹\开发\ARCH开发\Gradle\caches\modules-2\files-2.1\org.lwjgl\lwjgl-jemalloc\3.3.1\a817bcf213db49f710603677457567c37d53e103\lwjgl-jemalloc-3.3.1.jar
[Architectury Transformer DEBUG]  - E:\Minecraft文件夹\开发\ARCH开发\Gradle\caches\modules-2\files-2.1\org.lwjgl\lwjgl-openal\3.3.1\2623a6b8ae1dfcd880738656a9f0243d2e6840bd\lwjgl-openal-3.3.1.jar
[Architectury Transformer DEBUG]  - E:\Minecraft文件夹\开发\ARCH开发\Gradle\caches\modules-2\files-2.1\org.lwjgl\lwjgl-opengl\3.3.1\831a5533a21a5f4f81bbc51bb13e9899319b5411\lwjgl-opengl-3.3.1.jar
[Architectury Transformer DEBUG]  - E:\Minecraft文件夹\开发\ARCH开发\Gradle\caches\modules-2\files-2.1\org.lwjgl\lwjgl-glfw\3.3.1\cbac1b8d30cb4795149c1ef540f912671a8616d0\lwjgl-glfw-3.3.1.jar
[Architectury Transformer DEBUG]  - E:\Minecraft文件夹\开发\ARCH开发\Gradle\caches\modules-2\files-2.1\org.lwjgl\lwjgl-stb\3.3.1\b119297cf8ed01f247abe8685857f8e7fcf5980f\lwjgl-stb-3.3.1.jar
[Architectury Transformer DEBUG]  - E:\Minecraft文件夹\开发\ARCH开发\Gradle\caches\modules-2\files-2.1\org.lwjgl\lwjgl-tinyfd\3.3.1\ff1914111ef2e3e0110ef2dabc8d8cdaad82347\lwjgl-tinyfd-3.3.1.jar
[Architectury Transformer DEBUG]  - E:\Minecraft文件夹\开发\ARCH开发\Gradle\caches\modules-2\files-2.1\com.mojang\text2speech\1.16.7\ee4095669061d1fe4bce5fea23d69d1520bc2d58\text2speech-1.16.7.jar
[Architectury Transformer DEBUG]  - E:\Minecraft文件夹\开发\ARCH模组开发\RuOK-main\.gradle\loom-cache\minecraftMaven\net\minecraft\minecraft-merged-90303a7792\1.19.2-net.fabricmc.yarn.1_19_2.1.19.2+build.28-v2\minecraft-merged-90303a7792-1.19.2-net.fabricmc.yarn.1_19_2.1.19.2+build.28-v2.jar
[Architectury Transformer DEBUG]  - E:\Minecraft文件夹\开发\ARCH开发\Gradle\caches\modules-2\files-2.1\io.netty\netty-transport-native-epoll\4.1.77.Final\8d10e9e138dac52172dd83229bdc89197100c723\netty-transport-native-epoll-4.1.77.Final-linux-x86_64.jar
[Architectury Transformer DEBUG]  - E:\Minecraft文件夹\开发\ARCH开发\Gradle\caches\modules-2\files-2.1\io.netty\netty-transport-native-epoll\4.1.77.Final\5f051599ced83e119ddeda891f471c0613721e5c\netty-transport-native-epoll-4.1.77.Final-linux-aarch_64.jar
[Architectury Transformer DEBUG]  - E:\Minecraft文件夹\开发\ARCH开发\Gradle\caches\modules-2\files-2.1\maven.modrinth\cloth-config\8.3.115+forge\39dfb4f1b8c7d012cd85b36a6369de2dc01ba9f8\cloth-config-8.3.115+forge.jar
[Architectury Transformer DEBUG]  - E:\Minecraft文件夹\开发\ARCH模组开发\RuOK-main\.gradle\loom-cache\remapped_mods\net_fabricmc_yarn_1_19_2_1_19_2_build_28_v2\maven\modrinth\sodium\mc1.19.2-0.4.4\sodium-mc1.19.2-0.4.4.jar
[Architectury Transformer] Read classpath in 2.070 s
[Architectury Transformer DEBUG] Remapping Classes:
[Architectury Transformer DEBUG] Found class transformer
[Architectury Transformer DEBUG] Writing team/teampotato/ruok/RuOKMod with maxs=true frames=true
[Architectury Transformer DEBUG] Writing team/teampotato/ruok/util/Options with maxs=true frames=true
[Architectury Transformer DEBUG] Writing team/teampotato/ruok/util/Weather with maxs=true frames=true
[Architectury Transformer DEBUG] Writing team/teampotato/ruok/util/QualityUtil with maxs=true frames=true
[Architectury Transformer DEBUG] Writing team/teampotato/ruok/util/Color with maxs=true frames=true
[Architectury Transformer DEBUG] Writing team/teampotato/ruok/util/QualityUtil$QualitySettings with maxs=true frames=true
[Architectury Transformer DEBUG] Writing team/teampotato/ruok/util/Render with maxs=true frames=true
[Architectury Transformer DEBUG] Writing team/teampotato/ruok/util/QualityUtil$QualityMode with maxs=true frames=true
[Architectury Transformer DEBUG] Writing team/teampotato/ruok/page/SodiumOptions with maxs=true frames=true
[Architectury Transformer DEBUG] Writing team/teampotato/ruok/mixin/ClientPlayNetworkHandlerMixin with maxs=true frames=true
[Architectury Transformer DEBUG] Writing team/teampotato/ruok/mixin/ExplosionS2CPacketMixin with maxs=true frames=true
[Architectury Transformer DEBUG] Writing team/teampotato/ruok/mixin/ItemEntityRendererMixin with maxs=true frames=true
[Architectury Transformer DEBUG] Writing team/teampotato/ruok/mixin/WorldRendererMixin with maxs=true frames=true
[Architectury Transformer DEBUG] Writing team/teampotato/ruok/mixin/TntMinecartEntityRendererMixin with maxs=true frames=true
[Architectury Transformer DEBUG] Writing team/teampotato/ruok/mixin/ClientWorldMixin with maxs=true frames=true
[Architectury Transformer DEBUG] Writing team/teampotato/ruok/mixin/ExplosionEmitterParticleFactoryMixin with maxs=true frames=true
[Architectury Transformer DEBUG] Writing team/teampotato/ruok/mixin/ClientWorldMixin$1 with maxs=true frames=true
[Architectury Transformer DEBUG] Writing team/teampotato/ruok/mixin/sodium/SodiumGUIMixin with maxs=true frames=true
[Architectury Transformer DEBUG] Writing team/teampotato/ruok/key/KeyInput with maxs=true frames=true
[Architectury Transformer DEBUG] Writing team/teampotato/ruok/config/RuOK with maxs=true frames=true
[Architectury Transformer DEBUG] Writing team/teampotato/ruok/config/RuOKConfig with maxs=true frames=true
[Architectury Transformer DEBUG] Writing team/teampotato/ruok/assessment/Assessment with maxs=true frames=true
[Architectury Transformer DEBUG] Checking whether /RuOK.common.mixins.json is a mixin config.
[Architectury Transformer DEBUG] Checking whether /architectury.common.json is a mixin config.
[Architectury Transformer DEBUG] Checking whether /RuOK-common-refmap.json is a mixin config.
[Architectury Transformer DEBUG] Found mixin config(s): /RuOK.common.mixins.json
[Architectury Transformer DEBUG] Injecting RuOK-common-refmap.json to /RuOK.common.mixins.json
[Architectury Transformer DEBUG] Closed File Systems for E:\Minecraft文件夹\开发\ARCH模组开发\RuOK-main\common\build\libs\RuOK-1.5.5-transformProductionFabric.jar
[Architectury Transformer] Transformed jar with 5 transformer(s) in 2.424 s
